<html>
<head>
<title>TestNG:  Free CRM Test Cases</title>
<link href="../testng.css" rel="stylesheet" type="text/css" />
<link href="../my-testng.css" rel="stylesheet" type="text/css" />

<style type="text/css">
.log { display: none;} 
.stack-trace { display: none;} 
</style>
<script type="text/javascript">
<!--
function flip(e) {
  current = e.style.display;
  if (current == 'block') {
    e.style.display = 'none';
    return 0;
  }
  else {
    e.style.display = 'block';
    return 1;
  }
}

function toggleBox(szDivId, elem, msg1, msg2)
{
  var res = -1;  if (document.getElementById) {
    res = flip(document.getElementById(szDivId));
  }
  else if (document.all) {
    // this is the way old msie versions work
    res = flip(document.all[szDivId]);
  }
  if(elem) {
    if(res == 0) elem.innerHTML = msg1; else elem.innerHTML = msg2;
  }

}

function toggleAllBoxes() {
  if (document.getElementsByTagName) {
    d = document.getElementsByTagName('div');
    for (i = 0; i < d.length; i++) {
      if (d[i].className == 'log') {
        flip(d[i]);
      }
    }
  }
}

// -->
</script>

</head>
<body>
<h2 align='center'>Free CRM Test Cases</h2><table border='1' align="center">
<tr>
<td>Tests passed/Failed/Skipped:</td><td>19/1/0</td>
</tr><tr>
<td>Started on:</td><td>Sun Jan 25 12:49:05 MST 2026</td>
</tr>
<tr><td>Total time:</td><td>184 seconds (184348 ms)</td>
</tr><tr>
<td>Included groups:</td><td></td>
</tr><tr>
<td>Excluded groups:</td><td></td>
</tr>
</table><p/>
<small><i>(Hover the method name to see the test class name)</i></small><p/>
<table width='100%' border='1' class='invocation-failed'>
<tr><td colspan='4' align='center'><b>FAILED TESTS</b></td></tr>
<tr><td><b>Test method</b></td>
<td><b>Attribute(s)</b></td>
<td width="30%"><b>Exception</b></td>
<td width="10%"><b>Time (seconds)</b></td>
<td><b>Instance</b></td>
</tr>
<tr>
<td title='tests.ContactsPageTest.selectContactsByNameTest()'><b>selectContactsByNameTest</b><br>Test class: tests.ContactsPageTest</td>
<td><div><pre>org.openqa.selenium.NoSuchElementException: no such element: Unable to locate element: {&quot;method&quot;:&quot;xpath&quot;,&quot;selector&quot;:&quot;//a[normalize-space()=&apos;maria paula&apos;]/ancestor::tr//label&quot;}
  (Session info: chrome=143.0.7499.193)
For documentation on this error, please visit: https://www.selenium.dev/documentation/webdriver/troubleshooting/errors#nosuchelementexception
Build info: version: &apos;4.39.0&apos;, revision: &apos;126f156aee&apos;
System info: os.name: &apos;Windows 11&apos;, os.arch: &apos;amd64&apos;, os.version: &apos;10.0&apos;, java.version: &apos;19.0.1&apos;
Driver info: org.openqa.selenium.chrome.ChromeDriver
Command: [da6356507c72b67d4a2998a2031eb7b5, findElement {value=//a[normalize-space()=&apos;maria paula&apos;]/ancestor::tr//label, using=xpath}]
Capabilities {acceptInsecureCerts: false, browserName: chrome, browserVersion: 143.0.7499.193, chrome: {chromedriverVersion: 143.0.7499.192 (be2c1f4fd45..., userDataDir: C:\Users\HP\AppData\Local\T...}, fedcm:accounts: true, goog:chromeOptions: {debuggerAddress: localhost:13322}, goog:processID: 21108, networkConnectionEnabled: false, pageLoadStrategy: normal, platformName: windows, proxy: Proxy(), se:cdp: ws://localhost:13322/devtoo..., se:cdpVersion: 143.0.7499.193, setWindowRect: true, strictFileInteractability: false, timeouts: {implicit: 0, pageLoad: 300000, script: 30000}, unhandledPromptBehavior: dismiss and notify, webauthn:extension:credBlob: true, webauthn:extension:largeBlob: true, webauthn:extension:minPinLength: true, webauthn:extension:prf: true, webauthn:virtualAuthenticators: true}
Session ID: da6356507c72b67d4a2998a2031eb7b5
	at org.openqa.selenium.remote.ErrorCodec.decode(ErrorCodec.java:167)
	at org.openqa.selenium.remote.codec.w3c.W3CHttpResponseCodec.decode(W3CHttpResponseCodec.java:142)
	at org.openqa.selenium.remote.codec.w3c.W3CHttpResponseCodec.decode(W3CHttpResponseCodec.java:49)
	at org.openqa.selenium.remote.HttpCommandExecutor.execute(HttpCommandExecutor.java:215)
	at org.openqa.selenium.remote.service.DriverCommandExecutor.invokeExecute(DriverCommandExecutor.java:216)
	at org.openqa.selenium.remote.service.DriverCommandExecutor.execute(DriverCommandExecutor.java:174)
	at org.openqa.selenium.remote.RemoteWebDriver.execute(RemoteWebDriver.java:561)
	at org.openqa.selenium.remote.ElementLocation$ElementFinder$2.findElement(ElementLocation.java:166)
	at org.openqa.selenium.remote.ElementLocation.findElement(ElementLocation.java:60)
	at org.openqa.selenium.remote.RemoteWebDriver.findElement(RemoteWebDriver.java:384)
	at org.openqa.selenium.remote.RemoteWebDriver.findElement(RemoteWebDriver.java:378)
	at org.openqa.selenium.support.decorators.WebDriverDecorator.call(WebDriverDecorator.java:326)
	at org.openqa.selenium.support.decorators.DefaultDecorated.call(DefaultDecorated.java:48)
	at org.openqa.selenium.support.decorators.WebDriverDecorator.lambda$createProxyFactory$3(WebDriverDecorator.java:416)
	at net.bytebuddy.renamed.java.lang.Object$ByteBuddy$DQGdhVx5.findElement(Unknown Source)
	at pages.ContactsPage.selectContactsByName(ContactsPage.java:53)
	at tests.ContactsPageTest.selectContactsByNameTest(ContactsPageTest.java:54)
	at java.base/java.util.ArrayList.forEach(ArrayList.java:1511)
... Removed 30 stack frames</pre></div><a href='#' onClick='toggleBox("stack-trace480645280", this, "Click to show all stack frames", "Click to hide stack frames")'>Click to show all stack frames</a>
<div class='stack-trace' id='stack-trace480645280'><pre>org.openqa.selenium.NoSuchElementException: no such element: Unable to locate element: {&quot;method&quot;:&quot;xpath&quot;,&quot;selector&quot;:&quot;//a[normalize-space()=&apos;maria paula&apos;]/ancestor::tr//label&quot;}
  (Session info: chrome=143.0.7499.193)
For documentation on this error, please visit: https://www.selenium.dev/documentation/webdriver/troubleshooting/errors#nosuchelementexception
Build info: version: &apos;4.39.0&apos;, revision: &apos;126f156aee&apos;
System info: os.name: &apos;Windows 11&apos;, os.arch: &apos;amd64&apos;, os.version: &apos;10.0&apos;, java.version: &apos;19.0.1&apos;
Driver info: org.openqa.selenium.chrome.ChromeDriver
Command: [da6356507c72b67d4a2998a2031eb7b5, findElement {value=//a[normalize-space()=&apos;maria paula&apos;]/ancestor::tr//label, using=xpath}]
Capabilities {acceptInsecureCerts: false, browserName: chrome, browserVersion: 143.0.7499.193, chrome: {chromedriverVersion: 143.0.7499.192 (be2c1f4fd45..., userDataDir: C:\Users\HP\AppData\Local\T...}, fedcm:accounts: true, goog:chromeOptions: {debuggerAddress: localhost:13322}, goog:processID: 21108, networkConnectionEnabled: false, pageLoadStrategy: normal, platformName: windows, proxy: Proxy(), se:cdp: ws://localhost:13322/devtoo..., se:cdpVersion: 143.0.7499.193, setWindowRect: true, strictFileInteractability: false, timeouts: {implicit: 0, pageLoad: 300000, script: 30000}, unhandledPromptBehavior: dismiss and notify, webauthn:extension:credBlob: true, webauthn:extension:largeBlob: true, webauthn:extension:minPinLength: true, webauthn:extension:prf: true, webauthn:virtualAuthenticators: true}
Session ID: da6356507c72b67d4a2998a2031eb7b5
	at java.base/jdk.internal.reflect.DirectConstructorHandleAccessor.newInstance(DirectConstructorHandleAccessor.java:67)
	at java.base/java.lang.reflect.Constructor.newInstanceWithCaller(Constructor.java:500)
	at java.base/java.lang.reflect.Constructor.newInstance(Constructor.java:484)
	at org.openqa.selenium.remote.ErrorCodec.decode(ErrorCodec.java:167)
	at org.openqa.selenium.remote.codec.w3c.W3CHttpResponseCodec.decode(W3CHttpResponseCodec.java:142)
	at org.openqa.selenium.remote.codec.w3c.W3CHttpResponseCodec.decode(W3CHttpResponseCodec.java:49)
	at org.openqa.selenium.remote.HttpCommandExecutor.execute(HttpCommandExecutor.java:215)
	at org.openqa.selenium.remote.service.DriverCommandExecutor.invokeExecute(DriverCommandExecutor.java:216)
	at org.openqa.selenium.remote.service.DriverCommandExecutor.execute(DriverCommandExecutor.java:174)
	at org.openqa.selenium.remote.RemoteWebDriver.execute(RemoteWebDriver.java:561)
	at org.openqa.selenium.remote.ElementLocation$ElementFinder$2.findElement(ElementLocation.java:166)
	at org.openqa.selenium.remote.ElementLocation.findElement(ElementLocation.java:60)
	at org.openqa.selenium.remote.RemoteWebDriver.findElement(RemoteWebDriver.java:384)
	at org.openqa.selenium.remote.RemoteWebDriver.findElement(RemoteWebDriver.java:378)
	at java.base/jdk.internal.reflect.DirectMethodHandleAccessor.invoke(DirectMethodHandleAccessor.java:104)
	at java.base/java.lang.reflect.Method.invoke(Method.java:578)
	at org.openqa.selenium.support.decorators.WebDriverDecorator.call(WebDriverDecorator.java:326)
	at org.openqa.selenium.support.decorators.DefaultDecorated.call(DefaultDecorated.java:48)
	at org.openqa.selenium.support.decorators.WebDriverDecorator.lambda$createProxyFactory$3(WebDriverDecorator.java:416)
	at net.bytebuddy.renamed.java.lang.Object$ByteBuddy$DQGdhVx5.findElement(Unknown Source)
	at pages.ContactsPage.selectContactsByName(ContactsPage.java:53)
	at tests.ContactsPageTest.selectContactsByNameTest(ContactsPageTest.java:54)
	at java.base/jdk.internal.reflect.DirectMethodHandleAccessor.invoke(DirectMethodHandleAccessor.java:104)
	at java.base/java.lang.reflect.Method.invoke(Method.java:578)
	at org.testng.internal.invokers.MethodInvocationHelper.invokeMethod(MethodInvocationHelper.java:141)
	at org.testng.internal.invokers.TestInvoker.invokeMethod(TestInvoker.java:687)
	at org.testng.internal.invokers.TestInvoker.invokeTestMethod(TestInvoker.java:230)
	at org.testng.internal.invokers.MethodRunner.runInSequence(MethodRunner.java:63)
	at org.testng.internal.invokers.TestInvoker$MethodInvocationAgent.invoke(TestInvoker.java:995)
	at org.testng.internal.invokers.TestInvoker.invokeTestMethods(TestInvoker.java:203)
	at org.testng.internal.invokers.TestMethodWorker.invokeTestMethods(TestMethodWorker.java:154)
	at org.testng.internal.invokers.TestMethodWorker.run(TestMethodWorker.java:134)
	at java.base/java.util.ArrayList.forEach(ArrayList.java:1511)
	at org.testng.TestRunner.privateRun(TestRunner.java:741)
	at org.testng.TestRunner.run(TestRunner.java:616)
	at org.testng.SuiteRunner.runTest(SuiteRunner.java:421)
	at org.testng.SuiteRunner.runSequentially(SuiteRunner.java:413)
	at org.testng.SuiteRunner.privateRun(SuiteRunner.java:373)
	at org.testng.SuiteRunner.run(SuiteRunner.java:312)
	at org.testng.SuiteRunnerWorker.runSuite(SuiteRunnerWorker.java:52)
	at org.testng.SuiteRunnerWorker.run(SuiteRunnerWorker.java:95)
	at org.testng.TestNG.runSuitesSequentially(TestNG.java:1274)
	at org.testng.TestNG.runSuitesLocally(TestNG.java:1208)
	at org.testng.TestNG.runSuites(TestNG.java:1112)
	at org.testng.TestNG.run(TestNG.java:1079)
	at org.testng.remote.AbstractRemoteTestNG.run(AbstractRemoteTestNG.java:115)
	at org.testng.remote.RemoteTestNG.initAndRun(RemoteTestNG.java:293)
	at org.testng.remote.RemoteTestNG.main(RemoteTestNG.java:91)
</pre></div></td>
<td>20</td>
<td>tests.ContactsPageTest@7bedc48a</td></tr>
</table><p>
<table width='100%' border='1' class='invocation-passed'>
<tr><td colspan='4' align='center'><b>PASSED TESTS</b></td></tr>
<tr><td><b>Test method</b></td>
<td><b>Attribute(s)</b></td>
<td width="30%"><b>Exception</b></td>
<td width="10%"><b>Time (seconds)</b></td>
<td><b>Instance</b></td>
</tr>
<tr>
<td title='tests.DealsPageTest.createNewDealsTest()'><b>createNewDealsTest</b><br>Test class: tests.DealsPageTest<br>Parameters: Xerox 1, 3444489, 20</td>
<td></td>
<td>1</td>
<td>tests.DealsPageTest@131ef10</td></tr>
<tr>
<td title='tests.DealsPageTest.createNewDealsTest()'><b>createNewDealsTest</b><br>Test class: tests.DealsPageTest<br>Parameters: Silverado Trade , 7004526, 13</td>
<td></td>
<td>1</td>
<td>tests.DealsPageTest@131ef10</td></tr>
<tr>
<td title='tests.HomePageTest.verifyvalidUserLabelTest()'><b>verifyvalidUserLabelTest</b><br>Test class: tests.HomePageTest</td>
<td></td>
<td>1</td>
<td>tests.HomePageTest@6c40365c</td></tr>
<tr>
<td title='tests.LoginPageTest.validateLoginPageTitleTest()'><b>validateLoginPageTitleTest</b><br>Test class: tests.LoginPageTest</td>
<td></td>
<td>0</td>
<td>tests.LoginPageTest@7eac9008</td></tr>
<tr>
<td title='tests.DealsPageTest.createNewDealsTest()'><b>createNewDealsTest</b><br>Test class: tests.DealsPageTest<br>Parameters: Genpact A, 5000000, 15</td>
<td></td>
<td>1</td>
<td>tests.DealsPageTest@131ef10</td></tr>
<tr>
<td title='tests.HomePageTest.validateHomePageTitleTest()'><b>validateHomePageTitleTest</b><br>Test class: tests.HomePageTest</td>
<td></td>
<td>0</td>
<td>tests.HomePageTest@6c40365c</td></tr>
<tr>
<td title='tests.DealsPageTest.verifydealsLabelTest()'><b>verifydealsLabelTest</b><br>Test class: tests.DealsPageTest</td>
<td></td>
<td>0</td>
<td>tests.DealsPageTest@131ef10</td></tr>
<tr>
<td title='tests.TasksPageTest.verifytasksLabelTest()'><b>verifytasksLabelTest</b><br>Test class: tests.TasksPageTest</td>
<td></td>
<td>0</td>
<td>tests.TasksPageTest@55b0dcab</td></tr>
<tr>
<td title='tests.DealsPageTest.selectDealsByNameTest()'><b>selectDealsByNameTest</b><br>Test class: tests.DealsPageTest</td>
<td></td>
<td>0</td>
<td>tests.DealsPageTest@131ef10</td></tr>
<tr>
<td title='tests.ContactsPageTest.verifycontactsLabelTest()'><b>verifycontactsLabelTest</b><br>Test class: tests.ContactsPageTest</td>
<td></td>
<td>0</td>
<td>tests.ContactsPageTest@7bedc48a</td></tr>
<tr>
<td title='tests.ContactsPageTest.filterLabelClickTest()'><b>filterLabelClickTest</b><br>Test class: tests.ContactsPageTest</td>
<td></td>
<td>0</td>
<td>tests.ContactsPageTest@7bedc48a</td></tr>
<tr>
<td title='tests.ContactsPageTest.validatecreateNewContactsTest()'><b>validatecreateNewContactsTest</b><br>Test class: tests.ContactsPageTest<br>Parameters: Susan, Andrew, susandrew@hotmail.com</td>
<td></td>
<td>2</td>
<td>tests.ContactsPageTest@7bedc48a</td></tr>
<tr>
<td title='tests.ContactsPageTest.validatecreateNewContactsTest()'><b>validatecreateNewContactsTest</b><br>Test class: tests.ContactsPageTest<br>Parameters: Jane, Hopper, jh33@yahoo.com</td>
<td></td>
<td>2</td>
<td>tests.ContactsPageTest@7bedc48a</td></tr>
<tr>
<td title='tests.ContactsPageTest.validatecreateNewContactsTest()'><b>validatecreateNewContactsTest</b><br>Test class: tests.ContactsPageTest<br>Parameters: David, Cooper, dc@gamil.com</td>
<td></td>
<td>2</td>
<td>tests.ContactsPageTest@7bedc48a</td></tr>
<tr>
<td title='tests.ContactsPageTest.validatecreateNewContactsTest()'><b>validatecreateNewContactsTest</b><br>Test class: tests.ContactsPageTest<br>Parameters: Pippits, Kane, pk45@gmail.com</td>
<td></td>
<td>3</td>
<td>tests.ContactsPageTest@7bedc48a</td></tr>
<tr>
<td title='tests.ContactsPageTest.validatecreateNewContactsTest()'><b>validatecreateNewContactsTest</b><br>Test class: tests.ContactsPageTest<br>Parameters: Victor, Creel, vchawkins@outlook.com</td>
<td></td>
<td>3</td>
<td>tests.ContactsPageTest@7bedc48a</td></tr>
<tr>
<td title='tests.HomePageTest.clickOnContactTest()'><b>clickOnContactTest</b><br>Test class: tests.HomePageTest</td>
<td></td>
<td>1</td>
<td>tests.HomePageTest@6c40365c</td></tr>
<tr>
<td title='tests.LoginPageTest.validLoginTest()'><b>validLoginTest</b><br>Test class: tests.LoginPageTest</td>
<td></td>
<td>0</td>
<td>tests.LoginPageTest@7eac9008</td></tr>
<tr>
<td title='tests.TasksPageTest.verifydeleteIconTest()'><b>verifydeleteIconTest</b><br>Test class: tests.TasksPageTest</td>
<td></td>
<td>0</td>
<td>tests.TasksPageTest@55b0dcab</td></tr>
</table><p>
</body>
</html>