<?xml version="1.0" encoding="UTF-8"?>
<!-- Generated by org.testng.reporters.JUnitXMLReporter -->
<testsuite ignored="0" hostname="Arlin" failures="1" tests="20" name="Free CRM Test Cases" time="184.348" errors="0" timestamp="2026-01-25T12:52:09 GMT-07:00">
  <testcase classname="tests.LoginPageTest" name="validateLoginPageTitleTest" time="0.03"/>
  <testcase classname="tests.LoginPageTest" name="validLoginTest" time="0.701"/>
  <testcase classname="tests.HomePageTest" name="validateHomePageTitleTest" time="0.024"/>
  <testcase classname="tests.HomePageTest" name="verifyvalidUserLabelTest" time="1.108"/>
  <testcase classname="tests.HomePageTest" name="clickOnContactTest" time="1.336"/>
  <testcase classname="tests.ContactsPageTest" name="verifycontactsLabelTest" time="0.242"/>
  <testcase classname="tests.ContactsPageTest" name="filterLabelClickTest" time="0.58"/>
  <testcase classname="tests.ContactsPageTest" name="selectContactsByNameTest" time="20.376">
    <failure type="org.openqa.selenium.NoSuchElementException" message="no such element: Unable to locate element: {&amp;quot;method&amp;quot;:&amp;quot;xpath&amp;quot;,&amp;quot;selector&amp;quot;:&amp;quot;//a[normalize-space()=&amp;apos;maria paula&amp;apos;]/ancestor::tr//label&amp;quot;}
  (Session info: chrome=143.0.7499.193)
For documentation on this error, please visit: https://www.selenium.dev/documentation/webdriver/troubleshooting/errors#nosuchelementexception
Build info: version: &amp;apos;4.39.0&amp;apos;, revision: &amp;apos;126f156aee&amp;apos;
System info: os.name: &amp;apos;Windows 11&amp;apos;, os.arch: &amp;apos;amd64&amp;apos;, os.version: &amp;apos;10.0&amp;apos;, java.version: &amp;apos;19.0.1&amp;apos;
Driver info: org.openqa.selenium.chrome.ChromeDriver
Command: [da6356507c72b67d4a2998a2031eb7b5, findElement {value=//a[normalize-space()=&amp;apos;maria paula&amp;apos;]/ancestor::tr//label, using=xpath}]
Capabilities {acceptInsecureCerts: false, browserName: chrome, browserVersion: 143.0.7499.193, chrome: {chromedriverVersion: 143.0.7499.192 (be2c1f4fd45..., userDataDir: C:\Users\HP\AppData\Local\T...}, fedcm:accounts: true, goog:chromeOptions: {debuggerAddress: localhost:13322}, goog:processID: 21108, networkConnectionEnabled: false, pageLoadStrategy: normal, platformName: windows, proxy: Proxy(), se:cdp: ws://localhost:13322/devtoo..., se:cdpVersion: 143.0.7499.193, setWindowRect: true, strictFileInteractability: false, timeouts: {implicit: 0, pageLoad: 300000, script: 30000}, unhandledPromptBehavior: dismiss and notify, webauthn:extension:credBlob: true, webauthn:extension:largeBlob: true, webauthn:extension:minPinLength: true, webauthn:extension:prf: true, webauthn:virtualAuthenticators: true}
Session ID: da6356507c72b67d4a2998a2031eb7b5">
      <![CDATA[org.openqa.selenium.NoSuchElementException: no such element: Unable to locate element: {"method":"xpath","selector":"//a[normalize-space()='maria paula']/ancestor::tr//label"}
  (Session info: chrome=143.0.7499.193)
For documentation on this error, please visit: https://www.selenium.dev/documentation/webdriver/troubleshooting/errors#nosuchelementexception
Build info: version: '4.39.0', revision: '126f156aee'
System info: os.name: 'Windows 11', os.arch: 'amd64', os.version: '10.0', java.version: '19.0.1'
Driver info: org.openqa.selenium.chrome.ChromeDriver
Command: [da6356507c72b67d4a2998a2031eb7b5, findElement {value=//a[normalize-space()='maria paula']/ancestor::tr//label, using=xpath}]
Capabilities {acceptInsecureCerts: false, browserName: chrome, browserVersion: 143.0.7499.193, chrome: {chromedriverVersion: 143.0.7499.192 (be2c1f4fd45..., userDataDir: C:\Users\HP\AppData\Local\T...}, fedcm:accounts: true, goog:chromeOptions: {debuggerAddress: localhost:13322}, goog:processID: 21108, networkConnectionEnabled: false, pageLoadStrategy: normal, platformName: windows, proxy: Proxy(), se:cdp: ws://localhost:13322/devtoo..., se:cdpVersion: 143.0.7499.193, setWindowRect: true, strictFileInteractability: false, timeouts: {implicit: 0, pageLoad: 300000, script: 30000}, unhandledPromptBehavior: dismiss and notify, webauthn:extension:credBlob: true, webauthn:extension:largeBlob: true, webauthn:extension:minPinLength: true, webauthn:extension:prf: true, webauthn:virtualAuthenticators: true}
Session ID: da6356507c72b67d4a2998a2031eb7b5
at org.openqa.selenium.remote.ErrorCodec.decode(ErrorCodec.java:167)
at org.openqa.selenium.remote.codec.w3c.W3CHttpResponseCodec.decode(W3CHttpResponseCodec.java:142)
at org.openqa.selenium.remote.codec.w3c.W3CHttpResponseCodec.decode(W3CHttpResponseCodec.java:49)
at org.openqa.selenium.remote.HttpCommandExecutor.execute(HttpCommandExecutor.java:215)
at org.openqa.selenium.remote.service.DriverCommandExecutor.invokeExecute(DriverCommandExecutor.java:216)
at org.openqa.selenium.remote.service.DriverCommandExecutor.execute(DriverCommandExecutor.java:174)
at org.openqa.selenium.remote.RemoteWebDriver.execute(RemoteWebDriver.java:561)
at org.openqa.selenium.remote.ElementLocation$ElementFinder$2.findElement(ElementLocation.java:166)
at org.openqa.selenium.remote.ElementLocation.findElement(ElementLocation.java:60)
at org.openqa.selenium.remote.RemoteWebDriver.findElement(RemoteWebDriver.java:384)
at org.openqa.selenium.remote.RemoteWebDriver.findElement(RemoteWebDriver.java:378)
at org.openqa.selenium.support.decorators.WebDriverDecorator.call(WebDriverDecorator.java:326)
at org.openqa.selenium.support.decorators.DefaultDecorated.call(DefaultDecorated.java:48)
at org.openqa.selenium.support.decorators.WebDriverDecorator.lambda$createProxyFactory$3(WebDriverDecorator.java:416)
at net.bytebuddy.renamed.java.lang.Object$ByteBuddy$DQGdhVx5.findElement(Unknown Source)
at pages.ContactsPage.selectContactsByName(ContactsPage.java:53)
at tests.ContactsPageTest.selectContactsByNameTest(ContactsPageTest.java:54)
at java.base/java.util.ArrayList.forEach(ArrayList.java:1511)
... Removed 30 stack frames]]>
    </failure>
  </testcase> <!-- selectContactsByNameTest -->
  <testcase classname="tests.ContactsPageTest" name="validatecreateNewContactsTest" time="2.788"/>
  <testcase classname="tests.ContactsPageTest" name="validatecreateNewContactsTest" time="2.857"/>
  <testcase classname="tests.ContactsPageTest" name="validatecreateNewContactsTest" time="3.045"/>
  <testcase classname="tests.ContactsPageTest" name="validatecreateNewContactsTest" time="2.948"/>
  <testcase classname="tests.ContactsPageTest" name="validatecreateNewContactsTest" time="3.222"/>
  <testcase classname="tests.DealsPageTest" name="verifydealsLabelTest" time="0.096"/>
  <testcase classname="tests.DealsPageTest" name="selectDealsByNameTest" time="0.381"/>
  <testcase classname="tests.DealsPageTest" name="createNewDealsTest" time="1.483"/>
  <testcase classname="tests.DealsPageTest" name="createNewDealsTest" time="1.542"/>
  <testcase classname="tests.DealsPageTest" name="createNewDealsTest" time="1.79"/>
  <testcase classname="tests.TasksPageTest" name="verifytasksLabelTest" time="0.092"/>
  <testcase classname="tests.TasksPageTest" name="verifydeleteIconTest" time="0.563"/>
</testsuite> <!-- Free CRM Test Cases -->
