<?xml version="1.0" encoding="UTF-8"?>
<!-- Generated by org.testng.reporters.JUnitXMLReporter -->
<testsuite ignored="2" hostname="Arlin" failures="0" tests="3" name="Default test" time="36.328" errors="0" timestamp="2026-01-30T15:54:20 GMT-07:00">
  <testcase classname="tests.TasksPageTest" name="validatecreateNewTaskTest" time="1.878"/>
  <testcase classname="tests.TasksPageTest" name="validatecreateNewTaskTest" time="1.969"/>
  <testcase classname="tests.TasksPageTest" name="validatecreateNewTaskTest" time="1.745"/>
  <testcase classname="tests.TasksPageTest" name="verifydeleteIconTest" time="0.0">
    <ignored/>
  </testcase> <!-- verifydeleteIconTest -->
  <testcase classname="tests.TasksPageTest" name="verifytasksLabelTest" time="0.0">
    <ignored/>
  </testcase> <!-- verifytasksLabelTest -->
</testsuite> <!-- Default test -->
