<?xml version="1.0" encoding="UTF-8"?>
<testng-results ignored="0" total="20" passed="19" failed="1" skipped="0">
  <reporter-output>
  </reporter-output>
  <suite started-at="2026-01-25T12:49:05 GMT-07:00" name="Free CRM Test Suite" finished-at="2026-01-25T12:52:09 GMT-07:00" duration-ms="184348">
    <groups>
    </groups>
    <test started-at="2026-01-25T12:49:05 GMT-07:00" name="Free CRM Test Cases" finished-at="2026-01-25T12:52:09 GMT-07:00" duration-ms="184348">
      <class name="tests.TasksPageTest">
        <test-method is-config="true" signature="setUp()[pri:0, instance:tests.TasksPageTest@55b0dcab]" started-at="2026-01-25T12:51:56 GMT-07:00" name="setUp" finished-at="2026-01-25T12:52:02 GMT-07:00" duration-ms="6195" status="PASS">
          <reporter-output>
          </reporter-output>
        </test-method> <!-- setUp -->
        <test-method signature="verifytasksLabelTest()[pri:1, instance:tests.TasksPageTest@55b0dcab]" started-at="2026-01-25T12:52:02 GMT-07:00" name="verifytasksLabelTest" finished-at="2026-01-25T12:52:02 GMT-07:00" duration-ms="92" status="PASS">
          <reporter-output>
          </reporter-output>
        </test-method> <!-- verifytasksLabelTest -->
        <test-method is-config="true" signature="cleanUp()[pri:0, instance:tests.TasksPageTest@55b0dcab]" started-at="2026-01-25T12:52:02 GMT-07:00" name="cleanUp" finished-at="2026-01-25T12:52:03 GMT-07:00" duration-ms="557" status="PASS">
          <reporter-output>
          </reporter-output>
        </test-method> <!-- cleanUp -->
        <test-method is-config="true" signature="setUp()[pri:0, instance:tests.TasksPageTest@55b0dcab]" started-at="2026-01-25T12:52:03 GMT-07:00" name="setUp" finished-at="2026-01-25T12:52:08 GMT-07:00" duration-ms="5730" status="PASS">
          <reporter-output>
          </reporter-output>
        </test-method> <!-- setUp -->
        <test-method signature="verifydeleteIconTest()[pri:2, instance:tests.TasksPageTest@55b0dcab]" started-at="2026-01-25T12:52:08 GMT-07:00" name="verifydeleteIconTest" finished-at="2026-01-25T12:52:09 GMT-07:00" duration-ms="563" status="PASS">
          <reporter-output>
          </reporter-output>
        </test-method> <!-- verifydeleteIconTest -->
        <test-method is-config="true" signature="cleanUp()[pri:0, instance:tests.TasksPageTest@55b0dcab]" started-at="2026-01-25T12:52:09 GMT-07:00" name="cleanUp" finished-at="2026-01-25T12:52:09 GMT-07:00" duration-ms="505" status="PASS">
          <reporter-output>
          </reporter-output>
        </test-method> <!-- cleanUp -->
      </class> <!-- tests.TasksPageTest -->
      <class name="tests.DealsPageTest">
        <test-method is-config="true" signature="setUp()[pri:0, instance:tests.DealsPageTest@131ef10]" started-at="2026-01-25T12:51:14 GMT-07:00" name="setUp" finished-at="2026-01-25T12:51:21 GMT-07:00" duration-ms="6101" status="PASS">
          <reporter-output>
          </reporter-output>
        </test-method> <!-- setUp -->
        <test-method signature="verifydealsLabelTest()[pri:1, instance:tests.DealsPageTest@131ef10]" started-at="2026-01-25T12:51:21 GMT-07:00" name="verifydealsLabelTest" finished-at="2026-01-25T12:51:21 GMT-07:00" duration-ms="96" status="PASS">
          <reporter-output>
          </reporter-output>
        </test-method> <!-- verifydealsLabelTest -->
        <test-method is-config="true" signature="cleanUp()[pri:0, instance:tests.DealsPageTest@131ef10]" started-at="2026-01-25T12:51:21 GMT-07:00" name="cleanUp" finished-at="2026-01-25T12:51:21 GMT-07:00" duration-ms="489" status="PASS">
          <reporter-output>
          </reporter-output>
        </test-method> <!-- cleanUp -->
        <test-method is-config="true" signature="setUp()[pri:0, instance:tests.DealsPageTest@131ef10]" started-at="2026-01-25T12:51:21 GMT-07:00" name="setUp" finished-at="2026-01-25T12:51:30 GMT-07:00" duration-ms="8656" status="PASS">
          <reporter-output>
          </reporter-output>
        </test-method> <!-- setUp -->
        <test-method signature="selectDealsByNameTest()[pri:2, instance:tests.DealsPageTest@131ef10]" started-at="2026-01-25T12:51:30 GMT-07:00" name="selectDealsByNameTest" finished-at="2026-01-25T12:51:30 GMT-07:00" duration-ms="381" status="PASS">
          <reporter-output>
          </reporter-output>
        </test-method> <!-- selectDealsByNameTest -->
        <test-method is-config="true" signature="cleanUp()[pri:0, instance:tests.DealsPageTest@131ef10]" started-at="2026-01-25T12:51:30 GMT-07:00" name="cleanUp" finished-at="2026-01-25T12:51:31 GMT-07:00" duration-ms="494" status="PASS">
          <reporter-output>
          </reporter-output>
        </test-method> <!-- cleanUp -->
        <test-method is-config="true" signature="setUp()[pri:0, instance:tests.DealsPageTest@131ef10]" started-at="2026-01-25T12:51:31 GMT-07:00" name="setUp" finished-at="2026-01-25T12:51:37 GMT-07:00" duration-ms="5988" status="PASS">
          <reporter-output>
          </reporter-output>
        </test-method> <!-- setUp -->
        <test-method signature="createNewDealsTest(java.lang.String,java.lang.String,java.lang.String)[pri:3, instance:tests.DealsPageTest@131ef10]" started-at="2026-01-25T12:51:37 GMT-07:00" name="createNewDealsTest" data-provider="getCRMDeals" finished-at="2026-01-25T12:51:38 GMT-07:00" duration-ms="1483" status="PASS">
          <params>
            <param index="0">
              <value>
                <![CDATA[Genpact A]]>
              </value>
            </param>
            <param index="1">
              <value>
                <![CDATA[5000000]]>
              </value>
            </param>
            <param index="2">
              <value>
                <![CDATA[15]]>
              </value>
            </param>
          </params>
          <reporter-output>
          </reporter-output>
        </test-method> <!-- createNewDealsTest -->
        <test-method is-config="true" signature="cleanUp()[pri:0, instance:tests.DealsPageTest@131ef10]" started-at="2026-01-25T12:51:38 GMT-07:00" name="cleanUp" finished-at="2026-01-25T12:51:39 GMT-07:00" duration-ms="538" status="PASS">
          <reporter-output>
          </reporter-output>
        </test-method> <!-- cleanUp -->
        <test-method is-config="true" signature="setUp()[pri:0, instance:tests.DealsPageTest@131ef10]" started-at="2026-01-25T12:51:39 GMT-07:00" name="setUp" finished-at="2026-01-25T12:51:45 GMT-07:00" duration-ms="6583" status="PASS">
          <reporter-output>
          </reporter-output>
        </test-method> <!-- setUp -->
        <test-method signature="createNewDealsTest(java.lang.String,java.lang.String,java.lang.String)[pri:3, instance:tests.DealsPageTest@131ef10]" started-at="2026-01-25T12:51:45 GMT-07:00" name="createNewDealsTest" data-provider="getCRMDeals" finished-at="2026-01-25T12:51:47 GMT-07:00" duration-ms="1542" status="PASS">
          <params>
            <param index="0">
              <value>
                <![CDATA[Xerox 1]]>
              </value>
            </param>
            <param index="1">
              <value>
                <![CDATA[3444489]]>
              </value>
            </param>
            <param index="2">
              <value>
                <![CDATA[20]]>
              </value>
            </param>
          </params>
          <reporter-output>
          </reporter-output>
        </test-method> <!-- createNewDealsTest -->
        <test-method is-config="true" signature="cleanUp()[pri:0, instance:tests.DealsPageTest@131ef10]" started-at="2026-01-25T12:51:47 GMT-07:00" name="cleanUp" finished-at="2026-01-25T12:51:48 GMT-07:00" duration-ms="589" status="PASS">
          <reporter-output>
          </reporter-output>
        </test-method> <!-- cleanUp -->
        <test-method is-config="true" signature="setUp()[pri:0, instance:tests.DealsPageTest@131ef10]" started-at="2026-01-25T12:51:48 GMT-07:00" name="setUp" finished-at="2026-01-25T12:51:53 GMT-07:00" duration-ms="5744" status="PASS">
          <reporter-output>
          </reporter-output>
        </test-method> <!-- setUp -->
        <test-method signature="createNewDealsTest(java.lang.String,java.lang.String,java.lang.String)[pri:3, instance:tests.DealsPageTest@131ef10]" started-at="2026-01-25T12:51:53 GMT-07:00" name="createNewDealsTest" data-provider="getCRMDeals" finished-at="2026-01-25T12:51:55 GMT-07:00" duration-ms="1790" status="PASS">
          <params>
            <param index="0">
              <value>
                <![CDATA[Silverado Trade ]]>
              </value>
            </param>
            <param index="1">
              <value>
                <![CDATA[7004526]]>
              </value>
            </param>
            <param index="2">
              <value>
                <![CDATA[13]]>
              </value>
            </param>
          </params>
          <reporter-output>
          </reporter-output>
        </test-method> <!-- createNewDealsTest -->
        <test-method is-config="true" signature="cleanUp()[pri:0, instance:tests.DealsPageTest@131ef10]" started-at="2026-01-25T12:51:55 GMT-07:00" name="cleanUp" finished-at="2026-01-25T12:51:56 GMT-07:00" duration-ms="648" status="PASS">
          <reporter-output>
          </reporter-output>
        </test-method> <!-- cleanUp -->
      </class> <!-- tests.DealsPageTest -->
      <class name="tests.HomePageTest">
        <test-method is-config="true" signature="setUp()[pri:0, instance:tests.HomePageTest@6c40365c]" started-at="2026-01-25T12:49:23 GMT-07:00" name="setUp" finished-at="2026-01-25T12:49:28 GMT-07:00" duration-ms="4906" status="PASS">
          <reporter-output>
          </reporter-output>
        </test-method> <!-- setUp -->
        <test-method signature="validateHomePageTitleTest()[pri:1, instance:tests.HomePageTest@6c40365c]" started-at="2026-01-25T12:49:28 GMT-07:00" name="validateHomePageTitleTest" finished-at="2026-01-25T12:49:28 GMT-07:00" duration-ms="24" status="PASS">
          <reporter-output>
          </reporter-output>
        </test-method> <!-- validateHomePageTitleTest -->
        <test-method is-config="true" signature="cleanUp()[pri:0, instance:tests.HomePageTest@6c40365c]" started-at="2026-01-25T12:49:28 GMT-07:00" name="cleanUp" finished-at="2026-01-25T12:49:29 GMT-07:00" duration-ms="466" status="PASS">
          <reporter-output>
          </reporter-output>
        </test-method> <!-- cleanUp -->
        <test-method is-config="true" signature="setUp()[pri:0, instance:tests.HomePageTest@6c40365c]" started-at="2026-01-25T12:49:29 GMT-07:00" name="setUp" finished-at="2026-01-25T12:49:33 GMT-07:00" duration-ms="4658" status="PASS">
          <reporter-output>
          </reporter-output>
        </test-method> <!-- setUp -->
        <test-method signature="verifyvalidUserLabelTest()[pri:2, instance:tests.HomePageTest@6c40365c]" started-at="2026-01-25T12:49:33 GMT-07:00" name="verifyvalidUserLabelTest" finished-at="2026-01-25T12:49:34 GMT-07:00" duration-ms="1108" status="PASS">
          <reporter-output>
          </reporter-output>
        </test-method> <!-- verifyvalidUserLabelTest -->
        <test-method is-config="true" signature="cleanUp()[pri:0, instance:tests.HomePageTest@6c40365c]" started-at="2026-01-25T12:49:34 GMT-07:00" name="cleanUp" finished-at="2026-01-25T12:49:36 GMT-07:00" duration-ms="1252" status="PASS">
          <reporter-output>
          </reporter-output>
        </test-method> <!-- cleanUp -->
        <test-method is-config="true" signature="setUp()[pri:0, instance:tests.HomePageTest@6c40365c]" started-at="2026-01-25T12:49:36 GMT-07:00" name="setUp" finished-at="2026-01-25T12:49:40 GMT-07:00" duration-ms="4614" status="PASS">
          <reporter-output>
          </reporter-output>
        </test-method> <!-- setUp -->
        <test-method signature="clickOnContactTest()[pri:3, instance:tests.HomePageTest@6c40365c]" started-at="2026-01-25T12:49:40 GMT-07:00" name="clickOnContactTest" finished-at="2026-01-25T12:49:42 GMT-07:00" duration-ms="1336" status="PASS">
          <reporter-output>
          </reporter-output>
        </test-method> <!-- clickOnContactTest -->
        <test-method is-config="true" signature="cleanUp()[pri:0, instance:tests.HomePageTest@6c40365c]" started-at="2026-01-25T12:49:42 GMT-07:00" name="cleanUp" finished-at="2026-01-25T12:49:42 GMT-07:00" duration-ms="646" status="PASS">
          <reporter-output>
          </reporter-output>
        </test-method> <!-- cleanUp -->
      </class> <!-- tests.HomePageTest -->
      <class name="tests.ContactsPageTest">
        <test-method is-config="true" signature="setUp()[pri:0, instance:tests.ContactsPageTest@7bedc48a]" started-at="2026-01-25T12:49:42 GMT-07:00" name="setUp" finished-at="2026-01-25T12:49:48 GMT-07:00" duration-ms="5793" status="PASS">
          <reporter-output>
          </reporter-output>
        </test-method> <!-- setUp -->
        <test-method signature="verifycontactsLabelTest()[pri:1, instance:tests.ContactsPageTest@7bedc48a]" started-at="2026-01-25T12:49:48 GMT-07:00" name="verifycontactsLabelTest" finished-at="2026-01-25T12:49:48 GMT-07:00" duration-ms="242" status="PASS">
          <reporter-output>
          </reporter-output>
        </test-method> <!-- verifycontactsLabelTest -->
        <test-method is-config="true" signature="cleanUp()[pri:0, instance:tests.ContactsPageTest@7bedc48a]" started-at="2026-01-25T12:49:48 GMT-07:00" name="cleanUp" finished-at="2026-01-25T12:49:49 GMT-07:00" duration-ms="681" status="PASS">
          <reporter-output>
          </reporter-output>
        </test-method> <!-- cleanUp -->
        <test-method is-config="true" signature="setUp()[pri:0, instance:tests.ContactsPageTest@7bedc48a]" started-at="2026-01-25T12:49:49 GMT-07:00" name="setUp" finished-at="2026-01-25T12:49:55 GMT-07:00" duration-ms="6269" status="PASS">
          <reporter-output>
          </reporter-output>
        </test-method> <!-- setUp -->
        <test-method signature="filterLabelClickTest()[pri:2, instance:tests.ContactsPageTest@7bedc48a]" started-at="2026-01-25T12:49:55 GMT-07:00" name="filterLabelClickTest" finished-at="2026-01-25T12:49:56 GMT-07:00" duration-ms="580" status="PASS">
          <reporter-output>
          </reporter-output>
        </test-method> <!-- filterLabelClickTest -->
        <test-method is-config="true" signature="cleanUp()[pri:0, instance:tests.ContactsPageTest@7bedc48a]" started-at="2026-01-25T12:49:56 GMT-07:00" name="cleanUp" finished-at="2026-01-25T12:49:56 GMT-07:00" duration-ms="522" status="PASS">
          <reporter-output>
          </reporter-output>
        </test-method> <!-- cleanUp -->
        <test-method is-config="true" signature="setUp()[pri:0, instance:tests.ContactsPageTest@7bedc48a]" started-at="2026-01-25T12:49:56 GMT-07:00" name="setUp" finished-at="2026-01-25T12:50:03 GMT-07:00" duration-ms="6173" status="PASS">
          <reporter-output>
          </reporter-output>
        </test-method> <!-- setUp -->
        <test-method signature="selectContactsByNameTest()[pri:3, instance:tests.ContactsPageTest@7bedc48a]" started-at="2026-01-25T12:50:03 GMT-07:00" name="selectContactsByNameTest" finished-at="2026-01-25T12:50:23 GMT-07:00" duration-ms="20376" status="FAIL">
          <exception class="org.openqa.selenium.NoSuchElementException">
            <message>
              <![CDATA[no such element: Unable to locate element: {"method":"xpath","selector":"//a[normalize-space()='maria paula']/ancestor::tr//label"}
  (Session info: chrome=143.0.7499.193)
For documentation on this error, please visit: https://www.selenium.dev/documentation/webdriver/troubleshooting/errors#nosuchelementexception
Build info: version: '4.39.0', revision: '126f156aee'
System info: os.name: 'Windows 11', os.arch: 'amd64', os.version: '10.0', java.version: '19.0.1'
Driver info: org.openqa.selenium.chrome.ChromeDriver
Command: [da6356507c72b67d4a2998a2031eb7b5, findElement {value=//a[normalize-space()='maria paula']/ancestor::tr//label, using=xpath}]
Capabilities {acceptInsecureCerts: false, browserName: chrome, browserVersion: 143.0.7499.193, chrome: {chromedriverVersion: 143.0.7499.192 (be2c1f4fd45..., userDataDir: C:\Users\HP\AppData\Local\T...}, fedcm:accounts: true, goog:chromeOptions: {debuggerAddress: localhost:13322}, goog:processID: 21108, networkConnectionEnabled: false, pageLoadStrategy: normal, platformName: windows, proxy: Proxy(), se:cdp: ws://localhost:13322/devtoo..., se:cdpVersion: 143.0.7499.193, setWindowRect: true, strictFileInteractability: false, timeouts: {implicit: 0, pageLoad: 300000, script: 30000}, unhandledPromptBehavior: dismiss and notify, webauthn:extension:credBlob: true, webauthn:extension:largeBlob: true, webauthn:extension:minPinLength: true, webauthn:extension:prf: true, webauthn:virtualAuthenticators: true}
Session ID: da6356507c72b67d4a2998a2031eb7b5]]>
            </message>
            <full-stacktrace>
              <![CDATA[org.openqa.selenium.NoSuchElementException: no such element: Unable to locate element: {"method":"xpath","selector":"//a[normalize-space()='maria paula']/ancestor::tr//label"}
  (Session info: chrome=143.0.7499.193)
For documentation on this error, please visit: https://www.selenium.dev/documentation/webdriver/troubleshooting/errors#nosuchelementexception
Build info: version: '4.39.0', revision: '126f156aee'
System info: os.name: 'Windows 11', os.arch: 'amd64', os.version: '10.0', java.version: '19.0.1'
Driver info: org.openqa.selenium.chrome.ChromeDriver
Command: [da6356507c72b67d4a2998a2031eb7b5, findElement {value=//a[normalize-space()='maria paula']/ancestor::tr//label, using=xpath}]
Capabilities {acceptInsecureCerts: false, browserName: chrome, browserVersion: 143.0.7499.193, chrome: {chromedriverVersion: 143.0.7499.192 (be2c1f4fd45..., userDataDir: C:\Users\HP\AppData\Local\T...}, fedcm:accounts: true, goog:chromeOptions: {debuggerAddress: localhost:13322}, goog:processID: 21108, networkConnectionEnabled: false, pageLoadStrategy: normal, platformName: windows, proxy: Proxy(), se:cdp: ws://localhost:13322/devtoo..., se:cdpVersion: 143.0.7499.193, setWindowRect: true, strictFileInteractability: false, timeouts: {implicit: 0, pageLoad: 300000, script: 30000}, unhandledPromptBehavior: dismiss and notify, webauthn:extension:credBlob: true, webauthn:extension:largeBlob: true, webauthn:extension:minPinLength: true, webauthn:extension:prf: true, webauthn:virtualAuthenticators: true}
Session ID: da6356507c72b67d4a2998a2031eb7b5
at java.base/jdk.internal.reflect.DirectConstructorHandleAccessor.newInstance(DirectConstructorHandleAccessor.java:67)
at java.base/java.lang.reflect.Constructor.newInstanceWithCaller(Constructor.java:500)
at java.base/java.lang.reflect.Constructor.newInstance(Constructor.java:484)
at org.openqa.selenium.remote.ErrorCodec.decode(ErrorCodec.java:167)
at org.openqa.selenium.remote.codec.w3c.W3CHttpResponseCodec.decode(W3CHttpResponseCodec.java:142)
at org.openqa.selenium.remote.codec.w3c.W3CHttpResponseCodec.decode(W3CHttpResponseCodec.java:49)
at org.openqa.selenium.remote.HttpCommandExecutor.execute(HttpCommandExecutor.java:215)
at org.openqa.selenium.remote.service.DriverCommandExecutor.invokeExecute(DriverCommandExecutor.java:216)
at org.openqa.selenium.remote.service.DriverCommandExecutor.execute(DriverCommandExecutor.java:174)
at org.openqa.selenium.remote.RemoteWebDriver.execute(RemoteWebDriver.java:561)
at org.openqa.selenium.remote.ElementLocation$ElementFinder$2.findElement(ElementLocation.java:166)
at org.openqa.selenium.remote.ElementLocation.findElement(ElementLocation.java:60)
at org.openqa.selenium.remote.RemoteWebDriver.findElement(RemoteWebDriver.java:384)
at org.openqa.selenium.remote.RemoteWebDriver.findElement(RemoteWebDriver.java:378)
at java.base/jdk.internal.reflect.DirectMethodHandleAccessor.invoke(DirectMethodHandleAccessor.java:104)
at java.base/java.lang.reflect.Method.invoke(Method.java:578)
at org.openqa.selenium.support.decorators.WebDriverDecorator.call(WebDriverDecorator.java:326)
at org.openqa.selenium.support.decorators.DefaultDecorated.call(DefaultDecorated.java:48)
at org.openqa.selenium.support.decorators.WebDriverDecorator.lambda$createProxyFactory$3(WebDriverDecorator.java:416)
at net.bytebuddy.renamed.java.lang.Object$ByteBuddy$DQGdhVx5.findElement(Unknown Source)
at pages.ContactsPage.selectContactsByName(ContactsPage.java:53)
at tests.ContactsPageTest.selectContactsByNameTest(ContactsPageTest.java:54)
at java.base/jdk.internal.reflect.DirectMethodHandleAccessor.invoke(DirectMethodHandleAccessor.java:104)
at java.base/java.lang.reflect.Method.invoke(Method.java:578)
at org.testng.internal.invokers.MethodInvocationHelper.invokeMethod(MethodInvocationHelper.java:141)
at org.testng.internal.invokers.TestInvoker.invokeMethod(TestInvoker.java:687)
at org.testng.internal.invokers.TestInvoker.invokeTestMethod(TestInvoker.java:230)
at org.testng.internal.invokers.MethodRunner.runInSequence(MethodRunner.java:63)
at org.testng.internal.invokers.TestInvoker$MethodInvocationAgent.invoke(TestInvoker.java:995)
at org.testng.internal.invokers.TestInvoker.invokeTestMethods(TestInvoker.java:203)
at org.testng.internal.invokers.TestMethodWorker.invokeTestMethods(TestMethodWorker.java:154)
at org.testng.internal.invokers.TestMethodWorker.run(TestMethodWorker.java:134)
at java.base/java.util.ArrayList.forEach(ArrayList.java:1511)
at org.testng.TestRunner.privateRun(TestRunner.java:741)
at org.testng.TestRunner.run(TestRunner.java:616)
at org.testng.SuiteRunner.runTest(SuiteRunner.java:421)
at org.testng.SuiteRunner.runSequentially(SuiteRunner.java:413)
at org.testng.SuiteRunner.privateRun(SuiteRunner.java:373)
at org.testng.SuiteRunner.run(SuiteRunner.java:312)
at org.testng.SuiteRunnerWorker.runSuite(SuiteRunnerWorker.java:52)
at org.testng.SuiteRunnerWorker.run(SuiteRunnerWorker.java:95)
at org.testng.TestNG.runSuitesSequentially(TestNG.java:1274)
at org.testng.TestNG.runSuitesLocally(TestNG.java:1208)
at org.testng.TestNG.runSuites(TestNG.java:1112)
at org.testng.TestNG.run(TestNG.java:1079)
at org.testng.remote.AbstractRemoteTestNG.run(AbstractRemoteTestNG.java:115)
at org.testng.remote.RemoteTestNG.initAndRun(RemoteTestNG.java:293)
at org.testng.remote.RemoteTestNG.main(RemoteTestNG.java:91)
]]>
            </full-stacktrace>
          </exception> <!-- org.openqa.selenium.NoSuchElementException -->
          <reporter-output>
          </reporter-output>
        </test-method> <!-- selectContactsByNameTest -->
        <test-method is-config="true" signature="cleanUp()[pri:0, instance:tests.ContactsPageTest@7bedc48a]" started-at="2026-01-25T12:50:23 GMT-07:00" name="cleanUp" finished-at="2026-01-25T12:50:24 GMT-07:00" duration-ms="653" status="PASS">
          <reporter-output>
          </reporter-output>
        </test-method> <!-- cleanUp -->
        <test-method is-config="true" signature="setUp()[pri:0, instance:tests.ContactsPageTest@7bedc48a]" started-at="2026-01-25T12:50:25 GMT-07:00" name="setUp" finished-at="2026-01-25T12:50:31 GMT-07:00" duration-ms="6225" status="PASS">
          <reporter-output>
          </reporter-output>
        </test-method> <!-- setUp -->
        <test-method signature="validatecreateNewContactsTest(java.lang.String,java.lang.String,java.lang.String)[pri:4, instance:tests.ContactsPageTest@7bedc48a]" started-at="2026-01-25T12:50:31 GMT-07:00" name="validatecreateNewContactsTest" data-provider="getCRMTestData" finished-at="2026-01-25T12:50:34 GMT-07:00" duration-ms="2788" status="PASS">
          <params>
            <param index="0">
              <value>
                <![CDATA[David]]>
              </value>
            </param>
            <param index="1">
              <value>
                <![CDATA[Cooper]]>
              </value>
            </param>
            <param index="2">
              <value>
                <![CDATA[dc@gamil.com]]>
              </value>
            </param>
          </params>
          <reporter-output>
          </reporter-output>
        </test-method> <!-- validatecreateNewContactsTest -->
        <test-method is-config="true" signature="cleanUp()[pri:0, instance:tests.ContactsPageTest@7bedc48a]" started-at="2026-01-25T12:50:34 GMT-07:00" name="cleanUp" finished-at="2026-01-25T12:50:35 GMT-07:00" duration-ms="574" status="PASS">
          <reporter-output>
          </reporter-output>
        </test-method> <!-- cleanUp -->
        <test-method is-config="true" signature="setUp()[pri:0, instance:tests.ContactsPageTest@7bedc48a]" started-at="2026-01-25T12:50:35 GMT-07:00" name="setUp" finished-at="2026-01-25T12:50:41 GMT-07:00" duration-ms="6820" status="PASS">
          <reporter-output>
          </reporter-output>
        </test-method> <!-- setUp -->
        <test-method signature="validatecreateNewContactsTest(java.lang.String,java.lang.String,java.lang.String)[pri:4, instance:tests.ContactsPageTest@7bedc48a]" started-at="2026-01-25T12:50:41 GMT-07:00" name="validatecreateNewContactsTest" data-provider="getCRMTestData" finished-at="2026-01-25T12:50:44 GMT-07:00" duration-ms="2857" status="PASS">
          <params>
            <param index="0">
              <value>
                <![CDATA[Jane]]>
              </value>
            </param>
            <param index="1">
              <value>
                <![CDATA[Hopper]]>
              </value>
            </param>
            <param index="2">
              <value>
                <![CDATA[jh33@yahoo.com]]>
              </value>
            </param>
          </params>
          <reporter-output>
          </reporter-output>
        </test-method> <!-- validatecreateNewContactsTest -->
        <test-method is-config="true" signature="cleanUp()[pri:0, instance:tests.ContactsPageTest@7bedc48a]" started-at="2026-01-25T12:50:44 GMT-07:00" name="cleanUp" finished-at="2026-01-25T12:50:45 GMT-07:00" duration-ms="529" status="PASS">
          <reporter-output>
          </reporter-output>
        </test-method> <!-- cleanUp -->
        <test-method is-config="true" signature="setUp()[pri:0, instance:tests.ContactsPageTest@7bedc48a]" started-at="2026-01-25T12:50:45 GMT-07:00" name="setUp" finished-at="2026-01-25T12:50:51 GMT-07:00" duration-ms="6096" status="PASS">
          <reporter-output>
          </reporter-output>
        </test-method> <!-- setUp -->
        <test-method signature="validatecreateNewContactsTest(java.lang.String,java.lang.String,java.lang.String)[pri:4, instance:tests.ContactsPageTest@7bedc48a]" started-at="2026-01-25T12:50:51 GMT-07:00" name="validatecreateNewContactsTest" data-provider="getCRMTestData" finished-at="2026-01-25T12:50:54 GMT-07:00" duration-ms="3045" status="PASS">
          <params>
            <param index="0">
              <value>
                <![CDATA[Pippits]]>
              </value>
            </param>
            <param index="1">
              <value>
                <![CDATA[Kane]]>
              </value>
            </param>
            <param index="2">
              <value>
                <![CDATA[pk45@gmail.com]]>
              </value>
            </param>
          </params>
          <reporter-output>
          </reporter-output>
        </test-method> <!-- validatecreateNewContactsTest -->
        <test-method is-config="true" signature="cleanUp()[pri:0, instance:tests.ContactsPageTest@7bedc48a]" started-at="2026-01-25T12:50:54 GMT-07:00" name="cleanUp" finished-at="2026-01-25T12:50:55 GMT-07:00" duration-ms="542" status="PASS">
          <reporter-output>
          </reporter-output>
        </test-method> <!-- cleanUp -->
        <test-method is-config="true" signature="setUp()[pri:0, instance:tests.ContactsPageTest@7bedc48a]" started-at="2026-01-25T12:50:55 GMT-07:00" name="setUp" finished-at="2026-01-25T12:51:01 GMT-07:00" duration-ms="6451" status="PASS">
          <reporter-output>
          </reporter-output>
        </test-method> <!-- setUp -->
        <test-method signature="validatecreateNewContactsTest(java.lang.String,java.lang.String,java.lang.String)[pri:4, instance:tests.ContactsPageTest@7bedc48a]" started-at="2026-01-25T12:51:01 GMT-07:00" name="validatecreateNewContactsTest" data-provider="getCRMTestData" finished-at="2026-01-25T12:51:04 GMT-07:00" duration-ms="2948" status="PASS">
          <params>
            <param index="0">
              <value>
                <![CDATA[Susan]]>
              </value>
            </param>
            <param index="1">
              <value>
                <![CDATA[Andrew]]>
              </value>
            </param>
            <param index="2">
              <value>
                <![CDATA[susandrew@hotmail.com]]>
              </value>
            </param>
          </params>
          <reporter-output>
          </reporter-output>
        </test-method> <!-- validatecreateNewContactsTest -->
        <test-method is-config="true" signature="cleanUp()[pri:0, instance:tests.ContactsPageTest@7bedc48a]" started-at="2026-01-25T12:51:04 GMT-07:00" name="cleanUp" finished-at="2026-01-25T12:51:04 GMT-07:00" duration-ms="506" status="PASS">
          <reporter-output>
          </reporter-output>
        </test-method> <!-- cleanUp -->
        <test-method is-config="true" signature="setUp()[pri:0, instance:tests.ContactsPageTest@7bedc48a]" started-at="2026-01-25T12:51:04 GMT-07:00" name="setUp" finished-at="2026-01-25T12:51:11 GMT-07:00" duration-ms="6277" status="PASS">
          <reporter-output>
          </reporter-output>
        </test-method> <!-- setUp -->
        <test-method signature="validatecreateNewContactsTest(java.lang.String,java.lang.String,java.lang.String)[pri:4, instance:tests.ContactsPageTest@7bedc48a]" started-at="2026-01-25T12:51:11 GMT-07:00" name="validatecreateNewContactsTest" data-provider="getCRMTestData" finished-at="2026-01-25T12:51:14 GMT-07:00" duration-ms="3222" status="PASS">
          <params>
            <param index="0">
              <value>
                <![CDATA[Victor]]>
              </value>
            </param>
            <param index="1">
              <value>
                <![CDATA[Creel]]>
              </value>
            </param>
            <param index="2">
              <value>
                <![CDATA[vchawkins@outlook.com]]>
              </value>
            </param>
          </params>
          <reporter-output>
          </reporter-output>
        </test-method> <!-- validatecreateNewContactsTest -->
        <test-method is-config="true" signature="cleanUp()[pri:0, instance:tests.ContactsPageTest@7bedc48a]" started-at="2026-01-25T12:51:14 GMT-07:00" name="cleanUp" finished-at="2026-01-25T12:51:14 GMT-07:00" duration-ms="513" status="PASS">
          <reporter-output>
          </reporter-output>
        </test-method> <!-- cleanUp -->
      </class> <!-- tests.ContactsPageTest -->
      <class name="tests.LoginPageTest">
        <test-method is-config="true" signature="setUp()[pri:0, instance:tests.LoginPageTest@7eac9008]" started-at="2026-01-25T12:49:05 GMT-07:00" name="setUp" finished-at="2026-01-25T12:49:17 GMT-07:00" duration-ms="12275" status="PASS">
          <reporter-output>
          </reporter-output>
        </test-method> <!-- setUp -->
        <test-method signature="validateLoginPageTitleTest()[pri:1, instance:tests.LoginPageTest@7eac9008]" started-at="2026-01-25T12:49:17 GMT-07:00" name="validateLoginPageTitleTest" finished-at="2026-01-25T12:49:17 GMT-07:00" duration-ms="30" status="PASS">
          <reporter-output>
          </reporter-output>
        </test-method> <!-- validateLoginPageTitleTest -->
        <test-method is-config="true" signature="cleanUp()[pri:0, instance:tests.LoginPageTest@7eac9008]" started-at="2026-01-25T12:49:17 GMT-07:00" name="cleanUp" finished-at="2026-01-25T12:49:18 GMT-07:00" duration-ms="576" status="PASS">
          <reporter-output>
          </reporter-output>
        </test-method> <!-- cleanUp -->
        <test-method is-config="true" signature="setUp()[pri:0, instance:tests.LoginPageTest@7eac9008]" started-at="2026-01-25T12:49:18 GMT-07:00" name="setUp" finished-at="2026-01-25T12:49:22 GMT-07:00" duration-ms="4089" status="PASS">
          <reporter-output>
          </reporter-output>
        </test-method> <!-- setUp -->
        <test-method signature="validLoginTest()[pri:2, instance:tests.LoginPageTest@7eac9008]" started-at="2026-01-25T12:49:22 GMT-07:00" name="validLoginTest" finished-at="2026-01-25T12:49:23 GMT-07:00" duration-ms="701" status="PASS">
          <reporter-output>
          </reporter-output>
        </test-method> <!-- validLoginTest -->
        <test-method is-config="true" signature="cleanUp()[pri:0, instance:tests.LoginPageTest@7eac9008]" started-at="2026-01-25T12:49:23 GMT-07:00" name="cleanUp" finished-at="2026-01-25T12:49:23 GMT-07:00" duration-ms="466" status="PASS">
          <reporter-output>
          </reporter-output>
        </test-method> <!-- cleanUp -->
      </class> <!-- tests.LoginPageTest -->
    </test> <!-- Free CRM Test Cases -->
  </suite> <!-- Free CRM Test Suite -->
</testng-results>
