<?xml version="1.0" encoding="UTF-8"?>
<!-- Generated by org.testng.reporters.JUnitReportReporter -->
<testsuite hostname="Arlin" failures="0" tests="3" name="tests.HomePageTest" time="19.010" errors="0" timestamp="2026-01-25T12:52:11 GMT-07:00" skipped="0">
  <testcase classname="tests.HomePageTest" name="validateHomePageTitleTest" time="6.182"/>
  <testcase classname="tests.HomePageTest" name="verifyvalidUserLabelTest" time="6.232"/>
  <testcase classname="tests.HomePageTest" name="clickOnContactTest" time="6.596"/>
</testsuite> <!-- tests.HomePageTest -->
