<?xml version="1.0" encoding="UTF-8"?>
<!-- Generated by org.testng.reporters.JUnitReportReporter -->
<testsuite hostname="Arlin" failures="0" tests="3" name="tests.TasksPageTest" time="33.424" errors="0" timestamp="2026-01-30T15:54:20 GMT-07:00" skipped="0">
  <testcase classname="tests.TasksPageTest" name="validatecreateNewTaskTest" time="9.556"/>
  <testcase classname="tests.TasksPageTest" name="validatecreateNewTaskTest" time="9.820"/>
  <testcase classname="tests.TasksPageTest" name="validatecreateNewTaskTest" time="14.048"/>
</testsuite> <!-- tests.TasksPageTest -->
