<?xml version="1.0" encoding="UTF-8"?>
<!-- Generated by org.testng.reporters.JUnitReportReporter -->
<testsuite hostname="Arlin" failures="0" tests="5" name="tests.DealsPageTest" time="41.122" errors="0" timestamp="2026-01-25T12:52:11 GMT-07:00" skipped="0">
  <testcase classname="tests.DealsPageTest" name="verifydealsLabelTest" time="6.691"/>
  <testcase classname="tests.DealsPageTest" name="selectDealsByNameTest" time="6.958"/>
  <testcase classname="tests.DealsPageTest" name="createNewDealsTest" time="10.687"/>
  <testcase classname="tests.DealsPageTest" name="createNewDealsTest" time="9.021"/>
  <testcase classname="tests.DealsPageTest" name="createNewDealsTest" time="7.765"/>
</testsuite> <!-- tests.DealsPageTest -->
