<?xml version="1.0" encoding="UTF-8"?>
<!-- Generated by org.testng.reporters.JUnitReportReporter -->
<testsuite hostname="Arlin" failures="0" tests="3" name="tests.HomePageTest" time="41.339" errors="0" timestamp="2026-01-25T14:56:18 GMT-07:00" skipped="0">
  <testcase classname="tests.HomePageTest" name="validateHomePageTitleTest" time="10.846"/>
  <testcase classname="tests.HomePageTest" name="verifyvalidUserLabelTest" time="12.517"/>
  <testcase classname="tests.HomePageTest" name="clickOnContactTest" time="17.976"/>
</testsuite> <!-- tests.HomePageTest -->
